<?xml version="1.0" encoding="UTF-8"?>
<!-- Generated by org.testng.reporters.JUnitReportReporter -->
<testsuite hostname="LAPTOP-U3GTK72O" failures="0" tests="2" name="com.RoofRocketai.Testcases.NavigatePageTest" time="126.755" errors="0" timestamp="2024-11-12T12:04:05 IST" skipped="0">
  <testcase classname="com.RoofRocketai.Testcases.NavigatePageTest" name="getAllMenu" time="64.214"/>
  <system-out/>
  <testcase classname="com.RoofRocketai.Testcases.NavigatePageTest" name="getAllMenu" time="62.541"/>
  <system-out/>
</testsuite> <!-- com.RoofRocketai.Testcases.NavigatePageTest -->
